<?xml version="1.0" encoding="UTF-8"?>
<testng-results ignored="0" total="1" passed="1" failed="0" skipped="0">
  <reporter-output>
  </reporter-output>
  <suite started-at="2024-07-05T16:19:38 IST" name="Default suite" finished-at="2024-07-05T16:19:53 IST" duration-ms="15109">
    <groups>
    </groups>
    <test started-at="2024-07-05T16:19:38 IST" name="Default test" finished-at="2024-07-05T16:19:53 IST" duration-ms="15109">
      <class name="testCases.TestClass">
        <test-method signature="searchBooks()[pri:0, instance:testCases.TestClass@61001b64]" started-at="2024-07-05T16:19:38 IST" name="searchBooks" finished-at="2024-07-05T16:19:53 IST" duration-ms="15028" status="PASS">
          <reporter-output>
          </reporter-output>
        </test-method> <!-- searchBooks -->
      </class> <!-- testCases.TestClass -->
    </test> <!-- Default test -->
  </suite> <!-- Default suite -->
</testng-results>
